app/build/intermediates/manifest_merge_blame_file/debug/manifest-merger-blame-debug-report.txt
1<?xml version="1.0" encoding="utf-8"?>
2<manifest xmlns:android="http://schemas.android.com/apk/res/android"
3    package="com.followme.attendance"
4    android:versionCode="1"
5    android:versionName="1.0" >
6
7    <uses-sdk
8        android:minSdkVersion="21"
9        android:targetSdkVersion="34" />
10
11    <!-- NFC Permissions -->
12    <uses-permission android:name="android.permission.NFC" />
12-->src/main/AndroidManifest.xml:6:5-62
12-->src/main/AndroidManifest.xml:6:22-59
13
14    <uses-feature
14-->src/main/AndroidManifest.xml:7:5-9:36
15        android:name="android.hardware.nfc"
15-->src/main/AndroidManifest.xml:8:9-44
16        android:required="false" />
16-->src/main/AndroidManifest.xml:9:9-33
17
18    <!-- Internet Permissions -->
19    <uses-permission android:name="android.permission.INTERNET" />
19-->src/main/AndroidManifest.xml:12:5-67
19-->src/main/AndroidManifest.xml:12:22-64
20    <uses-permission android:name="android.permission.ACCESS_NETWORK_STATE" />
20-->src/main/AndroidManifest.xml:13:5-79
20-->src/main/AndroidManifest.xml:13:22-76
21
22    <!-- Storage Permissions for CSV import -->
23    <uses-permission
23-->src/main/AndroidManifest.xml:16:5-17:38
24        android:name="android.permission.READ_EXTERNAL_STORAGE"
24-->src/main/AndroidManifest.xml:16:22-77
25        android:maxSdkVersion="32" />
25-->src/main/AndroidManifest.xml:17:9-35
26    <uses-permission android:name="android.permission.READ_MEDIA_DOCUMENTS" />
26-->src/main/AndroidManifest.xml:18:5-79
26-->src/main/AndroidManifest.xml:18:22-76
27
28    <!-- Vibration Permission -->
29    <uses-permission android:name="android.permission.VIBRATE" />
29-->src/main/AndroidManifest.xml:21:5-66
29-->src/main/AndroidManifest.xml:21:22-63
30
31    <permission
31-->[androidx.core:core:1.12.0] AndroidManifest.xml:22:5-24:47
32        android:name="com.followme.attendance.DYNAMIC_RECEIVER_NOT_EXPORTED_PERMISSION"
32-->[androidx.core:core:1.12.0] AndroidManifest.xml:23:9-81
33        android:protectionLevel="signature" />
33-->[androidx.core:core:1.12.0] AndroidManifest.xml:24:9-44
34
35    <uses-permission android:name="com.followme.attendance.DYNAMIC_RECEIVER_NOT_EXPORTED_PERMISSION" />
35-->[androidx.core:core:1.12.0] AndroidManifest.xml:26:5-97
35-->[androidx.core:core:1.12.0] AndroidManifest.xml:26:22-94
36
37    <application
37-->src/main/AndroidManifest.xml:23:5-111:19
38        android:name="com.followme.attendance.FollowMeApplication"
38-->src/main/AndroidManifest.xml:24:9-44
39        android:allowBackup="true"
39-->src/main/AndroidManifest.xml:25:9-35
40        android:appComponentFactory="androidx.core.app.CoreComponentFactory"
40-->[androidx.core:core:1.12.0] AndroidManifest.xml:28:18-86
41        android:dataExtractionRules="@xml/data_extraction_rules"
41-->src/main/AndroidManifest.xml:26:9-65
42        android:debuggable="true"
43        android:extractNativeLibs="true"
44        android:fullBackupContent="@xml/backup_rules"
44-->src/main/AndroidManifest.xml:27:9-54
45        android:icon="@drawable/fm"
45-->src/main/AndroidManifest.xml:28:9-36
46        android:label="@string/app_name"
46-->src/main/AndroidManifest.xml:29:9-41
47        android:roundIcon="@drawable/fm"
47-->src/main/AndroidManifest.xml:30:9-41
48        android:supportsRtl="true"
48-->src/main/AndroidManifest.xml:31:9-35
49        android:testOnly="true"
50        android:theme="@style/Theme.FollowMe"
50-->src/main/AndroidManifest.xml:32:9-46
51        android:usesCleartextTraffic="true" >
51-->src/main/AndroidManifest.xml:33:9-44
52
53        <!-- Main Activity -->
54        <activity
54-->src/main/AndroidManifest.xml:37:9-63:20
55            android:name="com.followme.attendance.ui.MainActivity"
55-->src/main/AndroidManifest.xml:38:13-44
56            android:exported="true"
56-->src/main/AndroidManifest.xml:39:13-36
57            android:launchMode="singleTop"
57-->src/main/AndroidManifest.xml:40:13-43
58            android:screenOrientation="portrait" >
58-->src/main/AndroidManifest.xml:41:13-49
59            <intent-filter>
59-->src/main/AndroidManifest.xml:42:13-45:29
60                <action android:name="android.intent.action.MAIN" />
60-->src/main/AndroidManifest.xml:43:17-69
60-->src/main/AndroidManifest.xml:43:25-66
61
62                <category android:name="android.intent.category.LAUNCHER" />
62-->src/main/AndroidManifest.xml:44:17-77
62-->src/main/AndroidManifest.xml:44:27-74
63            </intent-filter>
64
65            <!-- NFC Intent Filters -->
66            <intent-filter>
66-->src/main/AndroidManifest.xml:48:13-52:29
67                <action android:name="android.nfc.action.NDEF_DISCOVERED" />
67-->src/main/AndroidManifest.xml:49:17-77
67-->src/main/AndroidManifest.xml:49:25-74
68
69                <category android:name="android.intent.category.DEFAULT" />
69-->src/main/AndroidManifest.xml:50:17-76
69-->src/main/AndroidManifest.xml:50:27-73
70
71                <data android:mimeType="application/json" />
71-->src/main/AndroidManifest.xml:51:17-61
71-->src/main/AndroidManifest.xml:51:23-58
72            </intent-filter>
73            <intent-filter>
73-->src/main/AndroidManifest.xml:54:13-57:29
74                <action android:name="android.nfc.action.TECH_DISCOVERED" />
74-->src/main/AndroidManifest.xml:55:17-77
74-->src/main/AndroidManifest.xml:55:25-74
75
76                <category android:name="android.intent.category.DEFAULT" />
76-->src/main/AndroidManifest.xml:50:17-76
76-->src/main/AndroidManifest.xml:50:27-73
77            </intent-filter>
78            <intent-filter>
78-->src/main/AndroidManifest.xml:59:13-62:29
79                <action android:name="android.nfc.action.TAG_DISCOVERED" />
79-->src/main/AndroidManifest.xml:60:17-76
79-->src/main/AndroidManifest.xml:60:25-73
80
81                <category android:name="android.intent.category.DEFAULT" />
81-->src/main/AndroidManifest.xml:50:17-76
81-->src/main/AndroidManifest.xml:50:27-73
82            </intent-filter>
83        </activity>
84
85        <meta-data
85-->src/main/AndroidManifest.xml:65:9-67:55
86            android:name="android.nfc.action.TECH_DISCOVERED"
86-->src/main/AndroidManifest.xml:66:13-62
87            android:resource="@xml/nfc_tech_filter" />
87-->src/main/AndroidManifest.xml:67:13-52
88
89        <!-- Settings Activity -->
90        <activity
90-->src/main/AndroidManifest.xml:70:9-75:52
91            android:name="com.followme.attendance.ui.settings.SettingsActivity"
91-->src/main/AndroidManifest.xml:71:13-57
92            android:exported="false"
92-->src/main/AndroidManifest.xml:72:13-37
93            android:label="@string/settings"
93-->src/main/AndroidManifest.xml:73:13-45
94            android:parentActivityName="com.followme.attendance.ui.MainActivity"
94-->src/main/AndroidManifest.xml:74:13-58
95            android:screenOrientation="portrait" />
95-->src/main/AndroidManifest.xml:75:13-49
96
97        <!-- Tag Management Activity (Admin Only) -->
98        <activity
98-->src/main/AndroidManifest.xml:78:9-83:52
99            android:name="com.followme.attendance.ui.tags.TagManagementActivity"
99-->src/main/AndroidManifest.xml:79:13-58
100            android:exported="false"
100-->src/main/AndroidManifest.xml:80:13-37
101            android:label="@string/tag_management"
101-->src/main/AndroidManifest.xml:81:13-51
102            android:parentActivityName="com.followme.attendance.ui.MainActivity"
102-->src/main/AndroidManifest.xml:82:13-58
103            android:screenOrientation="portrait" />
103-->src/main/AndroidManifest.xml:83:13-49
104
105        <!-- Help Activity -->
106        <activity
106-->src/main/AndroidManifest.xml:86:9-91:52
107            android:name="com.followme.attendance.ui.help.HelpActivity"
107-->src/main/AndroidManifest.xml:87:13-49
108            android:exported="false"
108-->src/main/AndroidManifest.xml:88:13-37
109            android:label="@string/help"
109-->src/main/AndroidManifest.xml:89:13-41
110            android:parentActivityName="com.followme.attendance.ui.settings.SettingsActivity"
110-->src/main/AndroidManifest.xml:90:13-71
111            android:screenOrientation="portrait" />
111-->src/main/AndroidManifest.xml:91:13-49
112
113        <!-- Account Activity -->
114        <activity
114-->src/main/AndroidManifest.xml:94:9-99:52
115            android:name="com.followme.attendance.ui.account.AccountActivity"
115-->src/main/AndroidManifest.xml:95:13-55
116            android:exported="false"
116-->src/main/AndroidManifest.xml:96:13-37
117            android:label="@string/account"
117-->src/main/AndroidManifest.xml:97:13-44
118            android:parentActivityName="com.followme.attendance.ui.settings.SettingsActivity"
118-->src/main/AndroidManifest.xml:98:13-71
119            android:screenOrientation="portrait" />
119-->src/main/AndroidManifest.xml:99:13-49
120
121        <!-- File Provider for CSV import -->
122        <provider
123            android:name="androidx.core.content.FileProvider"
123-->src/main/AndroidManifest.xml:103:13-62
124            android:authorities="com.followme.attendance.fileprovider"
124-->src/main/AndroidManifest.xml:104:13-64
125            android:exported="false"
125-->src/main/AndroidManifest.xml:105:13-37
126            android:grantUriPermissions="true" >
126-->src/main/AndroidManifest.xml:106:13-47
127            <meta-data
127-->src/main/AndroidManifest.xml:107:13-109:54
128                android:name="android.support.FILE_PROVIDER_PATHS"
128-->src/main/AndroidManifest.xml:108:17-67
129                android:resource="@xml/file_paths" />
129-->src/main/AndroidManifest.xml:109:17-51
130        </provider>
131        <provider
131-->[androidx.emoji2:emoji2:1.2.0] AndroidManifest.xml:24:9-32:20
132            android:name="androidx.startup.InitializationProvider"
132-->[androidx.emoji2:emoji2:1.2.0] AndroidManifest.xml:25:13-67
133            android:authorities="com.followme.attendance.androidx-startup"
133-->[androidx.emoji2:emoji2:1.2.0] AndroidManifest.xml:26:13-68
134            android:exported="false" >
134-->[androidx.emoji2:emoji2:1.2.0] AndroidManifest.xml:27:13-37
135            <meta-data
135-->[androidx.emoji2:emoji2:1.2.0] AndroidManifest.xml:29:13-31:52
136                android:name="androidx.emoji2.text.EmojiCompatInitializer"
136-->[androidx.emoji2:emoji2:1.2.0] AndroidManifest.xml:30:17-75
137                android:value="androidx.startup" />
137-->[androidx.emoji2:emoji2:1.2.0] AndroidManifest.xml:31:17-49
138            <meta-data
138-->[androidx.lifecycle:lifecycle-process:2.7.0] AndroidManifest.xml:29:13-31:52
139                android:name="androidx.lifecycle.ProcessLifecycleInitializer"
139-->[androidx.lifecycle:lifecycle-process:2.7.0] AndroidManifest.xml:30:17-78
140                android:value="androidx.startup" />
140-->[androidx.lifecycle:lifecycle-process:2.7.0] AndroidManifest.xml:31:17-49
141            <meta-data
141-->[androidx.profileinstaller:profileinstaller:1.3.0] AndroidManifest.xml:29:13-31:52
142                android:name="androidx.profileinstaller.ProfileInstallerInitializer"
142-->[androidx.profileinstaller:profileinstaller:1.3.0] AndroidManifest.xml:30:17-85
143                android:value="androidx.startup" />
143-->[androidx.profileinstaller:profileinstaller:1.3.0] AndroidManifest.xml:31:17-49
144        </provider>
145
146        <uses-library
146-->[androidx.window:window:1.0.0] AndroidManifest.xml:25:9-27:40
147            android:name="androidx.window.extensions"
147-->[androidx.window:window:1.0.0] AndroidManifest.xml:26:13-54
148            android:required="false" />
148-->[androidx.window:window:1.0.0] AndroidManifest.xml:27:13-37
149        <uses-library
149-->[androidx.window:window:1.0.0] AndroidManifest.xml:28:9-30:40
150            android:name="androidx.window.sidecar"
150-->[androidx.window:window:1.0.0] AndroidManifest.xml:29:13-51
151            android:required="false" />
151-->[androidx.window:window:1.0.0] AndroidManifest.xml:30:13-37
152
153        <receiver
153-->[androidx.profileinstaller:profileinstaller:1.3.0] AndroidManifest.xml:34:9-52:20
154            android:name="androidx.profileinstaller.ProfileInstallReceiver"
154-->[androidx.profileinstaller:profileinstaller:1.3.0] AndroidManifest.xml:35:13-76
155            android:directBootAware="false"
155-->[androidx.profileinstaller:profileinstaller:1.3.0] AndroidManifest.xml:36:13-44
156            android:enabled="true"
156-->[androidx.profileinstaller:profileinstaller:1.3.0] AndroidManifest.xml:37:13-35
157            android:exported="true"
157-->[androidx.profileinstaller:profileinstaller:1.3.0] AndroidManifest.xml:38:13-36
158            android:permission="android.permission.DUMP" >
158-->[androidx.profileinstaller:profileinstaller:1.3.0] AndroidManifest.xml:39:13-57
159            <intent-filter>
159-->[androidx.profileinstaller:profileinstaller:1.3.0] AndroidManifest.xml:40:13-42:29
160                <action android:name="androidx.profileinstaller.action.INSTALL_PROFILE" />
160-->[androidx.profileinstaller:profileinstaller:1.3.0] AndroidManifest.xml:41:17-91
160-->[androidx.profileinstaller:profileinstaller:1.3.0] AndroidManifest.xml:41:25-88
161            </intent-filter>
162            <intent-filter>
162-->[androidx.profileinstaller:profileinstaller:1.3.0] AndroidManifest.xml:43:13-45:29
163                <action android:name="androidx.profileinstaller.action.SKIP_FILE" />
163-->[androidx.profileinstaller:profileinstaller:1.3.0] AndroidManifest.xml:44:17-85
163-->[androidx.profileinstaller:profileinstaller:1.3.0] AndroidManifest.xml:44:25-82
164            </intent-filter>
165            <intent-filter>
165-->[androidx.profileinstaller:profileinstaller:1.3.0] AndroidManifest.xml:46:13-48:29
166                <action android:name="androidx.profileinstaller.action.SAVE_PROFILE" />
166-->[androidx.profileinstaller:profileinstaller:1.3.0] AndroidManifest.xml:47:17-88
166-->[androidx.profileinstaller:profileinstaller:1.3.0] AndroidManifest.xml:47:25-85
167            </intent-filter>
168            <intent-filter>
168-->[androidx.profileinstaller:profileinstaller:1.3.0] AndroidManifest.xml:49:13-51:29
169                <action android:name="androidx.profileinstaller.action.BENCHMARK_OPERATION" />
169-->[androidx.profileinstaller:profileinstaller:1.3.0] AndroidManifest.xml:50:17-95
169-->[androidx.profileinstaller:profileinstaller:1.3.0] AndroidManifest.xml:50:25-92
170            </intent-filter>
171        </receiver>
172    </application>
173
174</manifest>